Arguments: 
  C:\Program Files\nodejs\node.exe C:\Program Files (x86)\Yarn\bin\yarn.js add jsonwebtoken

PATH: 
  C:\WINDOWS\system32;C:\WINDOWS;C:\WINDOWS\System32\Wbem;C:\WINDOWS\System32\WindowsPowerShell\v1.0\;C:\Program Files\nodejs\;C:\Program Files\Git\cmd;C:\Program Files\MongoDB\Server\5.0\bin;C:\Program Files (x86)\dotnet\;C:\Program Files (x86)\Yarn\bin\;C:\WINDOWS\System32\OpenSSH\;C:\Users\speed\AppData\Local\Microsoft\WindowsApps;;C:\Users\speed\AppData\Local\Programs\Microsoft VS Code\bin;C:\Users\speed\AppData\Local\Yarn\bin;C:\Program Files\heroku\bin

Yarn version: 
  1.22.5

Node version: 
  16.13.1

Platform: 
  win32 x64

Trace: 
  Error: ENOENT: no such file or directory, copyfile 'C:\Users\speed\AppData\Local\Yarn\Cache\v6\npm-on-finished-2.4.1-58c8c44116e54845ad57f14ab10b03533184ac3f-integrity\node_modules\on-finished\HISTORY.md' -> 'C:\Users\speed\Desktop\github\assignment\node_modules\multer\node_modules\on-finished\HISTORY.md'

npm manifest: 
  {
    "name": "assignment",
    "version": "1.0.0",
    "main": "index.js",
    "license": "MIT",
    "type": "module",
    "dependencies": {
      "bcrypt": "^5.0.1",
      "colors": "^1.4.0",
      "cors": "^2.8.5",
      "dotenv": "^16.0.0",
      "express": "^4.17.3",
      "express-async-handler": "^1.2.0",
      "joi": "^17.6.0",
      "mongoose": "^6.3.1",
      "morgan": "^1.10.0",
      "multer": "^1.4.4"
    },
    "devDependencies": {
      "nodemon": "^2.0.15"
    },
    "scripts": {
      "dev": "nodemon backend/index.js",
      "start": "node backend/index.js"
    }
  }

yarn manifest: 
  No manifest

Lockfile: 
  No lockfile
